<?xml version="1.0" encoding="UTF-8"?>
<testng-results ignored="0" total="1" passed="1" failed="0" skipped="0">
  <reporter-output>
  </reporter-output>
  <suite started-at="2025-09-23T15:30:05 IST" name="Default suite" finished-at="2025-09-23T15:30:06 IST" duration-ms="1422">
    <groups>
    </groups>
    <test started-at="2025-09-23T15:30:05 IST" name="Default test" finished-at="2025-09-23T15:30:06 IST" duration-ms="1422">
      <class name="demoApiFramework.LoginApiTest">
        <test-method signature="loginTest()[pri:0, instance:demoApiFramework.LoginApiTest@74fe5c40]" started-at="2025-09-23T15:30:05 IST" name="loginTest" description="verify login test API is working..." finished-at="2025-09-23T15:30:06 IST" duration-ms="1387" status="PASS">
          <reporter-output>
          </reporter-output>
        </test-method> <!-- loginTest -->
      </class> <!-- demoApiFramework.LoginApiTest -->
    </test> <!-- Default test -->
  </suite> <!-- Default suite -->
</testng-results>
